2019-10-09T09:59:46.532Z ERROR webdriver: Request failed due to Error: java.lang.NullPointerException
    at getErrorFromResponseBody (/Users/laszlosimity/Documents/Clients/SauceLabs/SEDay/JS-Saucedemo-WDIO-example/node_modules/webdriver/build/utils.js:349:10)
    at Request._callback (/Users/laszlosimity/Documents/Clients/SauceLabs/SEDay/JS-Saucedemo-WDIO-example/node_modules/webdriver/build/request.js:121:64)
    at Request.self.callback (/Users/laszlosimity/Documents/Clients/SauceLabs/SEDay/JS-Saucedemo-WDIO-example/node_modules/request/request.js:185:22)
    at Request.emit (events.js:197:13)
    at Request.EventEmitter.emit (domain.js:439:20)
    at Request.<anonymous> (/Users/laszlosimity/Documents/Clients/SauceLabs/SEDay/JS-Saucedemo-WDIO-example/node_modules/request/request.js:1161:10)
    at Request.emit (events.js:197:13)
    at Request.EventEmitter.emit (domain.js:439:20)
    at IncomingMessage.<anonymous> (/Users/laszlosimity/Documents/Clients/SauceLabs/SEDay/JS-Saucedemo-WDIO-example/node_modules/request/request.js:1083:12)
    at Object.onceWrapper (events.js:285:13)
2019-10-09T09:59:48.582Z ERROR webdriver: Request failed due to Error: java.lang.NullPointerException
    at getErrorFromResponseBody (/Users/laszlosimity/Documents/Clients/SauceLabs/SEDay/JS-Saucedemo-WDIO-example/node_modules/webdriver/build/utils.js:349:10)
    at Request._callback (/Users/laszlosimity/Documents/Clients/SauceLabs/SEDay/JS-Saucedemo-WDIO-example/node_modules/webdriver/build/request.js:121:64)
    at Request.self.callback (/Users/laszlosimity/Documents/Clients/SauceLabs/SEDay/JS-Saucedemo-WDIO-example/node_modules/request/request.js:185:22)
    at Request.emit (events.js:197:13)
    at Request.EventEmitter.emit (domain.js:439:20)
    at Request.<anonymous> (/Users/laszlosimity/Documents/Clients/SauceLabs/SEDay/JS-Saucedemo-WDIO-example/node_modules/request/request.js:1161:10)
    at Request.emit (events.js:197:13)
    at Request.EventEmitter.emit (domain.js:439:20)
    at IncomingMessage.<anonymous> (/Users/laszlosimity/Documents/Clients/SauceLabs/SEDay/JS-Saucedemo-WDIO-example/node_modules/request/request.js:1083:12)
    at Object.onceWrapper (events.js:285:13)
2019-10-09T09:59:51.132Z ERROR webdriver: Request failed due to Error: java.lang.NullPointerException
    at getErrorFromResponseBody (/Users/laszlosimity/Documents/Clients/SauceLabs/SEDay/JS-Saucedemo-WDIO-example/node_modules/webdriver/build/utils.js:349:10)
    at Request._callback (/Users/laszlosimity/Documents/Clients/SauceLabs/SEDay/JS-Saucedemo-WDIO-example/node_modules/webdriver/build/request.js:121:64)
    at Request.self.callback (/Users/laszlosimity/Documents/Clients/SauceLabs/SEDay/JS-Saucedemo-WDIO-example/node_modules/request/request.js:185:22)
    at Request.emit (events.js:197:13)
    at Request.EventEmitter.emit (domain.js:439:20)
    at Request.<anonymous> (/Users/laszlosimity/Documents/Clients/SauceLabs/SEDay/JS-Saucedemo-WDIO-example/node_modules/request/request.js:1161:10)
    at Request.emit (events.js:197:13)
    at Request.EventEmitter.emit (domain.js:439:20)
    at IncomingMessage.<anonymous> (/Users/laszlosimity/Documents/Clients/SauceLabs/SEDay/JS-Saucedemo-WDIO-example/node_modules/request/request.js:1083:12)
    at Object.onceWrapper (events.js:285:13)
request/request.js:1083:12)
    at Object.onceWrapper (events.js:285:13)
2019-10-09T09:59:49.031Z ERROR webdriver: Request failed due to Error: Unable to locate element: #shopping_cart_container > a
For documentation on this error, please visit: http://seleniumhq.org/exceptions/no_such_element.html
Build info: version: '3.4.0', revision: 'unknown', time: 'unknown'
System info: host: 'WIN-R1JBAO1CNPS', ip: '10.113.8.130', os.name: 'Windows Server 2008 R2', os.arch: 'x86', os.version: '6.1', java.version: '1.8.0_91'
Driver info: org.openqa.selenium.firefox.FirefoxDriver
Capabilities [{moz:profile=C:\Users\Administrator\AppData\Local\Temp\rust_mozprofile.Mow9pIlaXn9e, rotatable=false, moz:geckodriverVersion=0.24.0, timeouts={implicit=0.0, pageLoad=300000.0, script=30000.0}, pageLoadStrategy=normal, unhandledPromptBehavior=dismiss and notify, strictFileInteractability=false, moz:headless=false, platform=ANY, moz:accessibilityChecks=false, moz:useNonSpecCompliantPointerOrigin=false, acceptInsecureCerts=false, browserVersion=69.0, moz:shutdownTimeout=60000.0, platformVersion=6.1, moz:processID=1108.0, browserName=firefox, moz:buildID=20190827005903, javascriptEnabled=true, platformName=windows, setWindowRect=true, moz:webdriverClick=true}]
Session ID: XXXXXXXX-XXXX-XXXX-XXXX-XXXXa9d541ef
*** Element info: {Using=css selector, value=#shopping_cart_container > a}
    at getErrorFromResponseBody (/Users/laszlosimity/Documents/Clients/SauceLabs/SEDay/JS-Saucedemo-WDIO-example/node_modules/webdriver/build/utils.js:349:10)
    at Request._callback (/Users/laszlosimity/Documents/Clients/SauceLabs/SEDay/JS-Saucedemo-WDIO-example/node_modules/webdriver/build/request.js:121:64)
    at Request.self.callback (/Users/laszlosimity/Documents/Clients/SauceLabs/SEDay/JS-Saucedemo-WDIO-example/node_modules/request/request.js:185:22)
    at Request.emit (events.js:197:13)
    at Request.EventEmitter.emit (domain.js:439:20)
    at Request.<anonymous> (/Users/laszlosimity/Documents/Clients/SauceLabs/SEDay/JS-Saucedemo-WDIO-example/node_modules/request/request.js:1161:10)
    at Request.emit (events.js:197:13)
    at Request.EventEmitter.emit (domain.js:439:20)
    at IncomingMessage.<anonymous> (/Users/laszlosimity/Documents/Clients/SauceLabs/SEDay/JS-Saucedemo-WDIO-example/node_modules/request/request.js:1083:12)
    at Object.onceWrapper (events.js:285:13)
2019-10-09T09:59:51.948Z ERROR webdriver: Request failed due to Error: Unable to locate element: #first-name
For documentation on this error, please visit: http://seleniumhq.org/exceptions/no_such_element.html
Build info: version: '3.4.0', revision: 'unknown', time: 'unknown'
System info: host: 'WIN-R1JBAO1CNPS', ip: '10.113.8.130', os.name: 'Windows Server 2008 R2', os.arch: 'x86', os.version: '6.1', java.version: '1.8.0_91'
Driver info: org.openqa.selenium.firefox.FirefoxDriver
Capabilities [{moz:profile=C:\Users\Administrator\AppData\Local\Temp\rust_mozprofile.Mow9pIlaXn9e, rotatable=false, moz:geckodriverVersion=0.24.0, timeouts={implicit=0.0, pageLoad=300000.0, script=30000.0}, pageLoadStrategy=normal, unhandledPromptBehavior=dismiss and notify, strictFileInteractability=false, moz:headless=false, platform=ANY, moz:accessibilityChecks=false, moz:useNonSpecCompliantPointerOrigin=false, acceptInsecureCerts=false, browserVersion=69.0, moz:shutdownTimeout=60000.0, platformVersion=6.1, moz:processID=1108.0, browserName=firefox, moz:buildID=20190827005903, javascriptEnabled=true, platformName=windows, setWindowRect=true, moz:webdriverClick=true}]
Session ID: XXXXXXXX-XXXX-XXXX-XXXX-XXXXa9d541ef
*** Element info: {Using=css selector, value=#first-name}
    at getErrorFromResponseBody (/Users/laszlosimity/Documents/Clients/SauceLabs/SEDay/JS-Saucedemo-WDIO-example/node_modules/webdriver/build/utils.js:349:10)
    at Request._callback (/Users/laszlosimity/Documents/Clients/SauceLabs/SEDay/JS-Saucedemo-WDIO-example/node_modules/webdriver/build/request.js:121:64)
    at Request.self.callback (/Users/laszlosimity/Documents/Clients/SauceLabs/SEDay/JS-Saucedemo-WDIO-example/node_modules/request/request.js:185:22)
    at Request.emit (events.js:197:13)
    at Request.EventEmitter.emit (domain.js:439:20)
    at Request.<anonymous> (/Users/laszlosimity/Documents/Clients/SauceLabs/SEDay/JS-Saucedemo-WDIO-example/node_modules/request/request.js:1161:10)
    at Request.emit (events.js:197:13)
    at Request.EventEmitter.emit (domain.js:439:20)
    at IncomingMessage.<anonymous> (/Users/laszlosimity/Documents/Clients/SauceLabs/SEDay/JS-Saucedemo-WDIO-example/node_modules/request/request.js:1083:12)
    at Object.onceWrapper (events.js:285:13)
2019-10-09T09:59:53.947Z ERROR webdriver: Request failed due to Error: Unable to locate element: .subheader
For documentation on this error, please visit: http://seleniumhq.org/exceptions/no_such_element.html
Build info: version: '3.4.0', revision: 'unknown', time: 'unknown'
System info: host: 'WIN-R1JBAO1CNPS', ip: '10.113.8.130', os.name: 'Windows Server 2008 R2', os.arch: 'x86', os.version: '6.1', java.version: '1.8.0_91'
Driver info: org.openqa.selenium.firefox.FirefoxDriver
Capabilities [{moz:profile=C:\Users\Administrator\AppData\Local\Temp\rust_mozprofile.Mow9pIlaXn9e, rotatable=false, moz:geckodriverVersion=0.24.0, timeouts={implicit=0.0, pageLoad=300000.0, script=30000.0}, pageLoadStrategy=normal, unhandledPromptBehavior=dismiss and notify, strictFileInteractability=false, moz:headless=false, platform=ANY, moz:accessibilityChecks=false, moz:useNonSpecCompliantPointerOrigin=false, acceptInsecureCerts=false, browserVersion=69.0, moz:shutdownTimeout=60000.0, platformVersion=6.1, moz:processID=1108.0, browserName=firefox, moz:buildID=20190827005903, javascriptEnabled=true, platformName=windows, setWindowRect=true, moz:webdriverClick=true}]
Session ID: XXXXXXXX-XXXX-XXXX-XXXX-XXXXa9d541ef
*** Element info: {Using=css selector, value=.subheader}
    at getErrorFromResponseBody (/Users/laszlosimity/Documents/Clients/SauceLabs/SEDay/JS-Saucedemo-WDIO-example/node_modules/webdriver/build/utils.js:349:10)
    at Request._callback (/Users/laszlosimity/Documents/Clients/SauceLabs/SEDay/JS-Saucedemo-WDIO-example/node_modules/webdriver/build/request.js:121:64)
    at Request.self.callback (/Users/laszlosimity/Documents/Clients/SauceLabs/SEDay/JS-Saucedemo-WDIO-example/node_modules/request/request.js:185:22)
    at Request.emit (events.js:197:13)
    at Request.EventEmitter.emit (domain.js:439:20)
    at Request.<anonymous> (/Users/laszlosimity/Documents/Clients/SauceLabs/SEDay/JS-Saucedemo-WDIO-example/node_modules/request/request.js:1161:10)
    at Request.emit (events.js:197:13)
    at Request.EventEmitter.emit (domain.js:439:20)
    at IncomingMessage.<anonymous> (/Users/laszlosimity/Documents/Clients/SauceLabs/SEDay/JS-Saucedemo-WDIO-example/node_modules/request/request.js:1083:12)
    at Object.onceWrapper (events.js:285:13)
2019-10-09T09:59:55.751Z ERROR webdriver: Request failed due to Error: Unable to locate element: .bm-burger-button
For documentation on this error, please visit: http://seleniumhq.org/exceptions/no_such_element.html
Build info: version: '3.4.0', revision: 'unknown', time: 'unknown'
System info: host: 'WIN-R1JBAO1CNPS', ip: '10.113.8.130', os.name: 'Windows Server 2008 R2', os.arch: 'x86', os.version: '6.1', java.version: '1.8.0_91'
Driver info: org.openqa.selenium.firefox.FirefoxDriver
Capabilities [{moz:profile=C:\Users\Administrator\AppData\Local\Temp\rust_mozprofile.Mow9pIlaXn9e, rotatable=false, moz:geckodriverVersion=0.24.0, timeouts={implicit=0.0, pageLoad=300000.0, script=30000.0}, pageLoadStrategy=normal, unhandledPromptBehavior=dismiss and notify, strictFileInteractability=false, moz:headless=false, platform=ANY, moz:accessibilityChecks=false, moz:useNonSpecCompliantPointerOrigin=false, acceptInsecureCerts=false, browserVersion=69.0, moz:shutdownTimeout=60000.0, platformVersion=6.1, moz:processID=1108.0, browserName=firefox, moz:buildID=20190827005903, javascriptEnabled=true, platformName=windows, setWindowRect=true, moz:webdriverClick=true}]
Session ID: XXXXXXXX-XXXX-XXXX-XXXX-XXXXa9d541ef
*** Element info: {Using=css selector, value=.bm-burger-button}
    at getErrorFromResponseBody (/Users/laszlosimity/Documents/Clients/SauceLabs/SEDay/JS-Saucedemo-WDIO-example/node_modules/webdriver/build/utils.js:349:10)
    at Request._callback (/Users/laszlosimity/Documents/Clients/SauceLabs/SEDay/JS-Saucedemo-WDIO-example/node_modules/webdriver/build/request.js:121:64)
    at Request.self.callback (/Users/laszlosimity/Documents/Clients/SauceLabs/SEDay/JS-Saucedemo-WDIO-example/node_modules/request/request.js:185:22)
    at Request.emit (events.js:197:13)
    at Request.EventEmitter.emit (domain.js:439:20)
    at Request.<anonymous> (/Users/laszlosimity/Documents/Clients/SauceLabs/SEDay/JS-Saucedemo-WDIO-example/node_modules/request/request.js:1161:10)
    at Request.emit (events.js:197:13)
    at Request.EventEmitter.emit (domain.js:439:20)
    at IncomingMessage.<anonymous> (/Users/laszlosimity/Documents/Clients/SauceLabs/SEDay/JS-Saucedemo-WDIO-example/node_modules/request/request.js:1083:12)
    at Object.onceWrapper (events.js:285:13)
