2019-05-17T14:34:49.013Z INFO @wdio/local-runner: Run worker command: run
2019-05-17T14:34:49.063Z DEBUG @wdio/local-runner:utils: init remote session
2019-05-17T14:34:49.109Z INFO webdriver: [POST] http://127.0.0.1:80/wd/hub/session
2019-05-17T14:34:49.109Z INFO webdriver: DATA { capabilities:
   { alwaysMatch:
      { browserName: 'firefox',
        platform: 'Linux',
        version: 'latest',
        username: 'laszlo.simity',
        accessKey: '9fad5997-7a30-44e8-a2ea-39279f41041a' },
     firstMatch: [ {} ] },
  desiredCapabilities:
   { browserName: 'firefox',
     platform: 'Linux',
     version: 'latest',
     username: 'laszlo.simity',
     accessKey: '9fad5997-7a30-44e8-a2ea-39279f41041a' } }
2019-05-17T14:34:49.129Z WARN webdriver: Request failed due to connect ECONNREFUSED 127.0.0.1:80
2019-05-17T14:34:49.129Z INFO webdriver: Retrying 1/3
2019-05-17T14:34:49.129Z INFO webdriver: [POST] http://127.0.0.1:80/wd/hub/session
2019-05-17T14:34:49.129Z INFO webdriver: DATA { capabilities:
   { alwaysMatch:
      { browserName: 'firefox',
        platform: 'Linux',
        version: 'latest',
        username: 'laszlo.simity',
        accessKey: '9fad5997-7a30-44e8-a2ea-39279f41041a' },
     firstMatch: [ {} ] },
  desiredCapabilities:
   { browserName: 'firefox',
     platform: 'Linux',
     version: 'latest',
     username: 'laszlo.simity',
     accessKey: '9fad5997-7a30-44e8-a2ea-39279f41041a' } }
2019-05-17T14:34:49.132Z WARN webdriver: Request failed due to connect ECONNREFUSED 127.0.0.1:80
2019-05-17T14:34:49.132Z INFO webdriver: Retrying 2/3
2019-05-17T14:34:49.132Z INFO webdriver: [POST] http://127.0.0.1:80/wd/hub/session
2019-05-17T14:34:49.132Z INFO webdriver: DATA { capabilities:
   { alwaysMatch:
      { browserName: 'firefox',
        platform: 'Linux',
        version: 'latest',
        username: 'laszlo.simity',
        accessKey: '9fad5997-7a30-44e8-a2ea-39279f41041a' },
     firstMatch: [ {} ] },
  desiredCapabilities:
   { browserName: 'firefox',
     platform: 'Linux',
     version: 'latest',
     username: 'laszlo.simity',
     accessKey: '9fad5997-7a30-44e8-a2ea-39279f41041a' } }
2019-05-17T14:34:49.134Z WARN webdriver: Request failed due to connect ECONNREFUSED 127.0.0.1:80
2019-05-17T14:34:49.134Z INFO webdriver: Retrying 3/3
2019-05-17T14:34:49.134Z INFO webdriver: [POST] http://127.0.0.1:80/wd/hub/session
2019-05-17T14:34:49.134Z INFO webdriver: DATA { capabilities:
   { alwaysMatch:
      { browserName: 'firefox',
        platform: 'Linux',
        version: 'latest',
        username: 'laszlo.simity',
        accessKey: '9fad5997-7a30-44e8-a2ea-39279f41041a' },
     firstMatch: [ {} ] },
  desiredCapabilities:
   { browserName: 'firefox',
     platform: 'Linux',
     version: 'latest',
     username: 'laszlo.simity',
     accessKey: '9fad5997-7a30-44e8-a2ea-39279f41041a' } }
2019-05-17T14:34:49.136Z ERROR webdriver: Request failed due to Error: connect ECONNREFUSED 127.0.0.1:80
    at TCPConnectWrap.afterConnect [as oncomplete] (net.js:1083:14)
2019-05-17T14:34:49.136Z ERROR @wdio/runner: Error: connect ECONNREFUSED 127.0.0.1:80
    at TCPConnectWrap.afterConnect [as oncomplete] (net.js:1083:14)
