{"timestamp":1558103361989,"message":"org.openqa.selenium.remote.server.DriverServlet org.openqa.selenium.remote.server.rest.ResultConfig.handle Executing: [new session: Capabilities [{webdriver.remote.quietExceptions=false, browserName=firefox}]])","level":"INFO"}
{"timestamp":1558103365822,"message":"org.openqa.selenium.remote.server.DriverServlet org.openqa.selenium.remote.server.rest.ResultConfig.handle Done: [new session: Capabilities [{webdriver.remote.quietExceptions=false, browserName=firefox}]]","level":"INFO"}
{"timestamp":1558103366095,"message":"org.openqa.selenium.remote.server.DriverServlet org.openqa.selenium.remote.server.rest.ResultConfig.handle Executing: [execute script: return screen.width, []])","level":"INFO"}
{"timestamp":1558103366109,"message":"org.openqa.selenium.remote.server.DriverServlet org.openqa.selenium.remote.server.rest.ResultConfig.handle Done: [execute script: return screen.width, []]","level":"INFO"}
{"timestamp":1558103366114,"message":"org.openqa.selenium.remote.server.DriverServlet org.openqa.selenium.remote.server.rest.ResultConfig.handle Executing: [execute script: return screen.height, []])","level":"INFO"}
{"timestamp":1558103366123,"message":"org.openqa.selenium.remote.server.DriverServlet org.openqa.selenium.remote.server.rest.ResultConfig.handle Done: [execute script: return screen.height, []]","level":"INFO"}
{"timestamp":1558103366128,"message":"org.openqa.selenium.remote.server.DriverServlet org.openqa.selenium.remote.server.rest.ResultConfig.handle Executing: [set window position])","level":"INFO"}
{"timestamp":1558103366142,"message":"org.openqa.selenium.remote.server.DriverServlet org.openqa.selenium.remote.server.rest.ResultConfig.handle Done: [set window position]","level":"INFO"}
{"timestamp":1558103366147,"message":"org.openqa.selenium.remote.server.DriverServlet org.openqa.selenium.remote.server.rest.ResultConfig.handle Executing: [set window size])","level":"INFO"}
{"timestamp":1558103366165,"message":"org.openqa.selenium.remote.server.DriverServlet org.openqa.selenium.remote.server.rest.ResultConfig.handle Done: [set window size]","level":"INFO"}
{"timestamp":1558103366169,"message":"org.openqa.selenium.remote.server.DriverServlet org.openqa.selenium.remote.server.rest.ResultConfig.handle Executing: [maximise window])","level":"INFO"}
{"timestamp":1558103366182,"message":"org.openqa.selenium.remote.server.DriverServlet org.openqa.selenium.remote.server.rest.ResultConfig.handle Done: [maximise window]","level":"INFO"}
{"timestamp":1558103366187,"message":"org.openqa.selenium.remote.server.DriverServlet org.openqa.selenium.remote.server.rest.ResultConfig.handle Executing: [get window handles])","level":"INFO"}
{"timestamp":1558103366193,"message":"org.openqa.selenium.remote.server.DriverServlet org.openqa.selenium.remote.server.rest.ResultConfig.handle Done: [get window handles]","level":"INFO"}
{"timestamp":1558103367584,"message":"org.openqa.selenium.remote.server.DriverServlet org.openqa.selenium.remote.server.rest.ResultConfig.handle Executing: [get: http://localtestapp:5370/])","level":"INFO"}
{"timestamp":1558103367718,"message":"org.openqa.selenium.remote.server.DriverServlet org.openqa.selenium.remote.server.rest.ResultConfig.handle Done: [get: http://localtestapp:5370/]","level":"INFO"}
{"timestamp":1558103368192,"message":"org.openqa.selenium.remote.server.DriverServlet org.openqa.selenium.remote.server.rest.ResultConfig.handle Executing: [get title])","level":"INFO"}
{"timestamp":1558103368202,"message":"org.openqa.selenium.remote.server.DriverServlet org.openqa.selenium.remote.server.rest.ResultConfig.handle Done: [get title]","level":"INFO"}
{"timestamp":1558103368427,"message":"org.openqa.selenium.remote.server.DriverServlet org.openqa.selenium.remote.server.rest.ResultConfig.handle Executing: [find element: By.cssSelector: #user-name])","level":"INFO"}
{"timestamp":1558103368874,"message":"org.openqa.selenium.remote.server.DriverServlet org.openqa.selenium.remote.server.rest.ResultConfig.handle Exception thrown","level":"WARNING"}
{"timestamp":1558103368879,"message":"org.openqa.selenium.remote.server.DriverServlet org.openqa.selenium.remote.server.rest.ResultConfig.handle Exception: Unable to locate element: {\"method\":\"css selector\",\"selector\":\"#user-name\"}\nFor documentation on this error, please visit: http://seleniumhq.org/exceptions/no_such_element.html\nBuild info: version: '2.53.1', revision: 'a36b8b1', time: '2016-06-30 17:37:03'\nSystem info: host: 'chef', ip: '127.0.1.1', os.name: 'Linux', os.arch: 'i386', os.version: '3.13.0-83-generic', java.version: '1.8.0_74'\nDriver info: driver.version: unknown","level":"WARNING"}
{"timestamp":1558103369132,"message":"org.openqa.selenium.remote.server.DriverServlet org.openqa.selenium.remote.server.rest.ResultConfig.handle Executing: [find element: By.cssSelector: #user-name])","level":"INFO"}
{"timestamp":1558103369374,"message":"org.openqa.selenium.remote.server.DriverServlet org.openqa.selenium.remote.server.rest.ResultConfig.handle Exception thrown","level":"WARNING"}
{"timestamp":1558103369375,"message":"org.openqa.selenium.remote.server.DriverServlet org.openqa.selenium.remote.server.rest.ResultConfig.handle Exception: Unable to locate element: {\"method\":\"css selector\",\"selector\":\"#user-name\"}\nFor documentation on this error, please visit: http://seleniumhq.org/exceptions/no_such_element.html\nBuild info: version: '2.53.1', revision: 'a36b8b1', time: '2016-06-30 17:37:03'\nSystem info: host: 'chef', ip: '127.0.1.1', os.name: 'Linux', os.arch: 'i386', os.version: '3.13.0-83-generic', java.version: '1.8.0_74'\nDriver info: driver.version: unknown","level":"WARNING"}
{"timestamp":1558103369655,"message":"org.openqa.selenium.remote.server.DriverServlet org.openqa.selenium.remote.server.rest.ResultConfig.handle Executing: [find element: By.cssSelector: #user-name])","level":"INFO"}
{"timestamp":1558103369900,"message":"org.openqa.selenium.remote.server.DriverServlet org.openqa.selenium.remote.server.rest.ResultConfig.handle Exception thrown","level":"WARNING"}
{"timestamp":1558103369902,"message":"org.openqa.selenium.remote.server.DriverServlet org.openqa.selenium.remote.server.rest.ResultConfig.handle Exception: Unable to locate element: {\"method\":\"css selector\",\"selector\":\"#user-name\"}\nFor documentation on this error, please visit: http://seleniumhq.org/exceptions/no_such_element.html\nBuild info: version: '2.53.1', revision: 'a36b8b1', time: '2016-06-30 17:37:03'\nSystem info: host: 'chef', ip: '127.0.1.1', os.name: 'Linux', os.arch: 'i386', os.version: '3.13.0-83-generic', java.version: '1.8.0_74'\nDriver info: driver.version: unknown","level":"WARNING"}
{"timestamp":1558103370139,"message":"org.openqa.selenium.remote.server.DriverServlet org.openqa.selenium.remote.server.rest.ResultConfig.handle Executing: [find element: By.cssSelector: #user-name])","level":"INFO"}
{"timestamp":1558103370387,"message":"org.openqa.selenium.remote.server.DriverServlet org.openqa.selenium.remote.server.rest.ResultConfig.handle Exception thrown","level":"WARNING"}
{"timestamp":1558103370388,"message":"org.openqa.selenium.remote.server.DriverServlet org.openqa.selenium.remote.server.rest.ResultConfig.handle Exception: Unable to locate element: {\"method\":\"css selector\",\"selector\":\"#user-name\"}\nFor documentation on this error, please visit: http://seleniumhq.org/exceptions/no_such_element.html\nBuild info: version: '2.53.1', revision: 'a36b8b1', time: '2016-06-30 17:37:03'\nSystem info: host: 'chef', ip: '127.0.1.1', os.name: 'Linux', os.arch: 'i386', os.version: '3.13.0-83-generic', java.version: '1.8.0_74'\nDriver info: driver.version: unknown","level":"WARNING"}
{"timestamp":1558103370639,"message":"org.openqa.selenium.remote.server.DriverServlet org.openqa.selenium.remote.server.rest.ResultConfig.handle Executing: [find element: By.cssSelector: .bm-burger-button])","level":"INFO"}
{"timestamp":1558103370878,"message":"org.openqa.selenium.remote.server.DriverServlet org.openqa.selenium.remote.server.rest.ResultConfig.handle Exception thrown","level":"WARNING"}
{"timestamp":1558103370879,"message":"org.openqa.selenium.remote.server.DriverServlet org.openqa.selenium.remote.server.rest.ResultConfig.handle Exception: Unable to locate element: {\"method\":\"css selector\",\"selector\":\".bm-burger-button\"}\nFor documentation on this error, please visit: http://seleniumhq.org/exceptions/no_such_element.html\nBuild info: version: '2.53.1', revision: 'a36b8b1', time: '2016-06-30 17:37:03'\nSystem info: host: 'chef', ip: '127.0.1.1', os.name: 'Linux', os.arch: 'i386', os.version: '3.13.0-83-generic', java.version: '1.8.0_74'\nDriver info: driver.version: unknown","level":"WARNING"}
{"timestamp":1558103371123,"message":"org.openqa.selenium.remote.server.DriverServlet org.openqa.selenium.remote.server.rest.ResultConfig.handle Executing: [find element: By.cssSelector: .bm-burger-button])","level":"INFO"}
{"timestamp":1558103371328,"message":"org.openqa.selenium.remote.server.DriverServlet org.openqa.selenium.remote.server.rest.ResultConfig.handle Exception thrown","level":"WARNING"}
{"timestamp":1558103371329,"message":"org.openqa.selenium.remote.server.DriverServlet org.openqa.selenium.remote.server.rest.ResultConfig.handle Exception: Unable to locate element: {\"method\":\"css selector\",\"selector\":\".bm-burger-button\"}\nFor documentation on this error, please visit: http://seleniumhq.org/exceptions/no_such_element.html\nBuild info: version: '2.53.1', revision: 'a36b8b1', time: '2016-06-30 17:37:03'\nSystem info: host: 'chef', ip: '127.0.1.1', os.name: 'Linux', os.arch: 'i386', os.version: '3.13.0-83-generic', java.version: '1.8.0_74'\nDriver info: driver.version: unknown","level":"WARNING"}
{"timestamp":1558103372023,"message":"org.openqa.selenium.remote.server.DriverServlet org.openqa.selenium.remote.server.rest.ResultConfig.handle Executing: [find element: By.cssSelector: .bm-burger-button])","level":"INFO"}
{"timestamp":1558103372252,"message":"org.openqa.selenium.remote.server.DriverServlet org.openqa.selenium.remote.server.rest.ResultConfig.handle Exception thrown","level":"WARNING"}
{"timestamp":1558103372252,"message":"org.openqa.selenium.remote.server.DriverServlet org.openqa.selenium.remote.server.rest.ResultConfig.handle Exception: Unable to locate element: {\"method\":\"css selector\",\"selector\":\".bm-burger-button\"}\nFor documentation on this error, please visit: http://seleniumhq.org/exceptions/no_such_element.html\nBuild info: version: '2.53.1', revision: 'a36b8b1', time: '2016-06-30 17:37:03'\nSystem info: host: 'chef', ip: '127.0.1.1', os.name: 'Linux', os.arch: 'i386', os.version: '3.13.0-83-generic', java.version: '1.8.0_74'\nDriver info: driver.version: unknown","level":"WARNING"}
{"timestamp":1558103372470,"message":"org.openqa.selenium.remote.server.DriverServlet org.openqa.selenium.remote.server.rest.ResultConfig.handle Executing: [find element: By.cssSelector: .bm-burger-button])","level":"INFO"}
{"timestamp":1558103372675,"message":"org.openqa.selenium.remote.server.DriverServlet org.openqa.selenium.remote.server.rest.ResultConfig.handle Exception thrown","level":"WARNING"}
{"timestamp":1558103372676,"message":"org.openqa.selenium.remote.server.DriverServlet org.openqa.selenium.remote.server.rest.ResultConfig.handle Exception: Unable to locate element: {\"method\":\"css selector\",\"selector\":\".bm-burger-button\"}\nFor documentation on this error, please visit: http://seleniumhq.org/exceptions/no_such_element.html\nBuild info: version: '2.53.1', revision: 'a36b8b1', time: '2016-06-30 17:37:03'\nSystem info: host: 'chef', ip: '127.0.1.1', os.name: 'Linux', os.arch: 'i386', os.version: '3.13.0-83-generic', java.version: '1.8.0_74'\nDriver info: driver.version: unknown","level":"WARNING"}
{"timestamp":1558103372943,"message":"org.openqa.selenium.remote.server.DriverServlet org.openqa.selenium.remote.server.rest.ResultConfig.handle Executing: [fetching available log types])","level":"INFO"}
{"timestamp":1558103372953,"message":"org.openqa.selenium.remote.server.DriverServlet org.openqa.selenium.remote.server.rest.ResultConfig.handle Done: [fetching available log types]","level":"INFO"}
{"timestamp":1558103373209,"message":"org.openqa.selenium.remote.server.DriverServlet org.openqa.selenium.remote.server.rest.ResultConfig.handle Executing: [fetching logs for: browser])","level":"INFO"}
{"timestamp":1558103373245,"message":"org.openqa.selenium.remote.server.DriverServlet org.openqa.selenium.remote.server.rest.ResultConfig.handle Done: [fetching logs for: browser]","level":"INFO"}
{"timestamp":1558103373577,"message":"org.openqa.selenium.remote.server.DriverServlet org.openqa.selenium.remote.server.rest.ResultConfig.handle Executing: [fetching logs for: client])","level":"INFO"}