{"timestamp":1558103366231,"message":"Could not read chrome manifest 'file:///usr/lib/firefox-45.0/chrome.manifest'.\n","level":"INFO"}
{"timestamp":1558103366231,"message":"1558103364448\taddons.manager\tDEBUG\tApplication has been upgraded\n","level":"INFO"}
{"timestamp":1558103366231,"message":"1558103364487\taddons.manager\tDEBUG\tLoaded provider scope for resource://gre/modules/addons/XPIProvider.jsm: [\"XPIProvider\"]\n","level":"INFO"}
{"timestamp":1558103366232,"message":"1558103364490\taddons.manager\tDEBUG\tLoaded provider scope for resource://gre/modules/LightweightThemeManager.jsm: [\"LightweightThemeManager\"]\n","level":"INFO"}
{"timestamp":1558103366232,"message":"1558103364493\taddons.manager\tDEBUG\tLoaded provider scope for resource://gre/modules/addons/GMPProvider.jsm\n","level":"INFO"}
{"timestamp":1558103366232,"message":"1558103364495\taddons.manager\tDEBUG\tLoaded provider scope for resource://gre/modules/addons/PluginProvider.jsm\n","level":"INFO"}
{"timestamp":1558103366232,"message":"1558103364495\taddons.manager\tDEBUG\tStarting provider: XPIProvider\n","level":"INFO"}
{"timestamp":1558103366232,"message":"1558103364496\taddons.xpi\tDEBUG\tstartup\n","level":"INFO"}
{"timestamp":1558103366232,"message":"1558103364497\taddons.xpi\tINFO\tMapping fxdriver@googlecode.com to /tmp/anonymous2734705986401893287webdriver-profile/extensions/fxdriver@googlecode.com\n","level":"INFO"}
{"timestamp":1558103366233,"message":"1558103364498\taddons.xpi\tDEBUG\tIgnoring file entry whose name is not a valid add-on ID: /tmp/anonymous2734705986401893287webdriver-profile/extensions/webdriver-staging\n","level":"INFO"}
{"timestamp":1558103366233,"message":"1558103364499\taddons.xpi\tINFO\tSystemAddonInstallLocation directory is missing\n","level":"INFO"}
{"timestamp":1558103366234,"message":"1558103364500\taddons.xpi\tINFO\tMapping loop@mozilla.org to /usr/lib/firefox-45.0/browser/features/loop@mozilla.org.xpi\n","level":"INFO"}
{"timestamp":1558103366234,"message":"1558103364501\taddons.xpi\tINFO\tMapping {972ce4c6-7e08-4474-a285-3208198ce6fd} to /usr/lib/firefox-45.0/browser/extensions/{972ce4c6-7e08-4474-a285-3208198ce6fd}.xpi\n","level":"INFO"}
{"timestamp":1558103366234,"message":"1558103364503\taddons.xpi\tINFO\tMapping ubufox@ubuntu.com to /usr/share/mozilla/extensions/{ec8030f7-c20a-464f-9b0e-13a3a9e97384}/ubufox@ubuntu.com.xpi\n","level":"INFO"}
{"timestamp":1558103366234,"message":"1558103364505\taddons.xpi\tDEBUG\tcheckForChanges\n","level":"INFO"}
{"timestamp":1558103366234,"message":"1558103364505\taddons.xpi\tDEBUG\tLoaded add-on state from prefs: {}\n","level":"INFO"}
{"timestamp":1558103366234,"message":"1558103364506\taddons.xpi\tDEBUG\tNew add-on fxdriver@googlecode.com in app-profile\n","level":"INFO"}
{"timestamp":1558103366235,"message":"1558103364507\taddons.xpi\tDEBUG\tgetModTime: Recursive scan of fxdriver@googlecode.com\n","level":"INFO"}
{"timestamp":1558103366235,"message":"1558103364509\taddons.xpi\tDEBUG\tNew add-on loop@mozilla.org in app-system-defaults\n","level":"INFO"}
{"timestamp":1558103366235,"message":"1558103364510\taddons.xpi\tDEBUG\tgetModTime: Recursive scan of loop@mozilla.org\n","level":"INFO"}
{"timestamp":1558103366235,"message":"1558103364511\taddons.xpi\tDEBUG\tNew add-on {972ce4c6-7e08-4474-a285-3208198ce6fd} in app-global\n","level":"INFO"}
{"timestamp":1558103366235,"message":"1558103364511\taddons.xpi\tDEBUG\tgetModTime: Recursive scan of {972ce4c6-7e08-4474-a285-3208198ce6fd}\n","level":"INFO"}
{"timestamp":1558103366236,"message":"1558103364512\taddons.xpi\tDEBUG\tNew add-on ubufox@ubuntu.com in app-system-share\n","level":"INFO"}
{"timestamp":1558103366236,"message":"1558103364512\taddons.xpi\tDEBUG\tgetModTime: Recursive scan of ubufox@ubuntu.com\n","level":"INFO"}
{"timestamp":1558103366236,"message":"1558103364512\taddons.xpi\tDEBUG\tgetInstallState changed: true, state: {\"app-profile\":{\"fxdriver@googlecode.com\":{\"d\":\"/tmp/anonymous2734705986401893287webdriver-profile/extensions/fxdriver@googlecode.com\",\"st\":1558103362000,\"mt\":1558103362000}},\"app-system-defaults\":{\"loop@mozilla.org\":{\"d\":\"/usr/lib/firefox-45.0/browser/features/loop@mozilla.org.xpi\",\"st\":1457046539000}},\"app-global\":{\"{972ce4c6-7e08-4474-a285-3208198ce6fd}\":{\"d\":\"/usr/lib/firefox-45.0/browser/extensions/{972ce4c6-7e08-4474-a285-3208198ce6fd}.xpi\",\"st\":1457046539000}},\"app-system-share\":{\"ubufox@ubuntu.com\":{\"d\":\"/usr/share/mozilla/extensions/{ec8030f7-c20a-464f-9b0e-13a3a9e97384}/ubufox@ubuntu.com.xpi\",\"st\":1442597112000}}}\n","level":"INFO"}
{"timestamp":1558103366236,"message":"1558103364522\taddons.xpi-utils\tDEBUG\tOpening XPI database /tmp/anonymous2734705986401893287webdriver-profile/extensions.json\n","level":"INFO"}
{"timestamp":1558103366236,"message":"1558103364524\taddons.xpi-utils\tDEBUG\tNew add-on fxdriver@googlecode.com installed in app-profile\n","level":"INFO"}
{"timestamp":1558103366237,"message":"Blocklist::_loadBlocklistFromFile: blocklist is disabled\n","level":"INFO"}
{"timestamp":1558103366237,"message":"1558103364557\tDeferredSave.extensions.json\tDEBUG\tSave changes\n","level":"INFO"}
{"timestamp":1558103366237,"message":"1558103364558\taddons.xpi-utils\tDEBUG\tNew add-on loop@mozilla.org installed in app-system-defaults\n","level":"INFO"}
{"timestamp":1558103366237,"message":"1558103364565\tDeferredSave.extensions.json\tDEBUG\tStarting timer\n","level":"INFO"}
{"timestamp":1558103366237,"message":"1558103364567\tDeferredSave.extensions.json\tDEBUG\tSave changes\n","level":"INFO"}
{"timestamp":1558103366237,"message":"1558103364568\taddons.xpi-utils\tDEBUG\tNew add-on {972ce4c6-7e08-4474-a285-3208198ce6fd} installed in app-global\n","level":"INFO"}
{"timestamp":1558103366238,"message":"1558103364571\tDeferredSave.extensions.json\tDEBUG\tSave changes\n","level":"INFO"}
{"timestamp":1558103366238,"message":"1558103364572\taddons.xpi-utils\tDEBUG\tNew add-on ubufox@ubuntu.com installed in app-system-share\n","level":"INFO"}
{"timestamp":1558103366238,"message":"1558103364587\taddons.xpi-utils\tWARN\tDisabling foreign installed add-on ubufox@ubuntu.com in app-system-share\n","level":"INFO"}
{"timestamp":1558103366238,"message":"1558103364588\tDeferredSave.extensions.json\tDEBUG\tSave changes\n","level":"INFO"}
{"timestamp":1558103366238,"message":"1558103364589\taddons.xpi-utils\tINFO\tHiding the updated system add-ons.\n","level":"INFO"}
{"timestamp":1558103366238,"message":"1558103364589\taddons.manager\tDEBUG\tRegistering startup change 'installed' for fxdriver@googlecode.com\n","level":"INFO"}
{"timestamp":1558103366238,"message":"1558103364590\taddons.xpi-utils\tDEBUG\tMake addon app-profile:fxdriver@googlecode.com visible\n","level":"INFO"}
{"timestamp":1558103366239,"message":"1558103364590\tDeferredSave.extensions.json\tDEBUG\tSave changes\n","level":"INFO"}
{"timestamp":1558103366239,"message":"1558103364601\taddons.xpi\tDEBUG\tLoading bootstrap scope from /usr/lib/firefox-45.0/browser/features/loop@mozilla.org.xpi\n","level":"INFO"}
{"timestamp":1558103366239,"message":"1558103364619\taddons.xpi\tDEBUG\tCalling bootstrap method install on loop@mozilla.org version 0.1\n","level":"INFO"}
{"timestamp":1558103366239,"message":"1558103364619\taddons.xpi-utils\tDEBUG\tMake addon app-system-defaults:loop@mozilla.org visible\n","level":"INFO"}
{"timestamp":1558103366239,"message":"1558103364620\tDeferredSave.extensions.json\tDEBUG\tSave changes\n","level":"INFO"}
{"timestamp":1558103366239,"message":"1558103364620\taddons.xpi-utils\tDEBUG\tMake addon app-global:{972ce4c6-7e08-4474-a285-3208198ce6fd} visible\n","level":"INFO"}
{"timestamp":1558103366239,"message":"1558103364620\tDeferredSave.extensions.json\tDEBUG\tSave changes\n","level":"INFO"}
{"timestamp":1558103366240,"message":"1558103364621\taddons.manager\tDEBUG\tRegistering startup change 'installed' for ubufox@ubuntu.com\n","level":"INFO"}
{"timestamp":1558103366240,"message":"1558103364621\taddons.xpi-utils\tDEBUG\tMake addon app-system-share:ubufox@ubuntu.com visible\n","level":"INFO"}
{"timestamp":1558103366240,"message":"1558103364621\tDeferredSave.extensions.json\tDEBUG\tSave changes\n","level":"INFO"}
{"timestamp":1558103366240,"message":"1558103364622\taddons.xpi\tDEBUG\tUpdating XPIState for {\"id\":\"fxdriver@googlecode.com\",\"syncGUID\":\"RDjjwWHklV3_\",\"location\":\"app-profile\",\"version\":\"2.53.1\",\"type\":\"extension\",\"internalName\":null,\"updateURL\":null,\"updateKey\":null,\"optionsURL\":null,\"optionsType\":null,\"aboutURL\":null,\"icons\":{},\"iconURL\":null,\"icon64URL\":null,\"defaultLocale\":{\"name\":\"Firefox WebDriver\",\"description\":\"WebDriver implementation for Firefox\",\"creator\":\"Simon Stewart\",\"homepageURL\":null},\"visible\":true,\"active\":true,\"userDisabled\":false,\"appDisabled\":false,\"descriptor\":\"/tmp/anonymous2734705986401893287webdriver-profile/extensions/fxdriver@googlecode.com\",\"installDate\":1558103362000,\"updateDate\":1558103362000,\"applyBackgroundUpdates\":1,\"bootstrap\":false,\"skinnable\":false,\"size\":3249525,\"sourceURI\":null,\"releaseNotesURI\":null,\"softDisabled\":false,\"foreignInstall\":true,\"hasBinaryComponents\":true,\"strictCompatibility\":false,\"locales\":[],\"targetApplications\":[{\"id\":\"{ec8030f7-c20a-464f-9b0e-13a3a9e97384}\",\"minVersion\":\"3.0\",\"maxVersion\":\"48.0\"}],\"targetPlatforms\":[{\"os\":\"Darwin\",\"abi\":null},{\"os\":\"SunOS\",\"abi\":null},{\"os\":\"FreeBSD\",\"abi\":null},{\"os\":\"OpenBSD\",\"abi\":null},{\"os\":\"WINNT\",\"abi\":null},{\"os\":\"Linux\",\"abi\":null}],\"multiprocessCompatible\":false,\"signedState\":0,\"seen\":true}\n","level":"INFO"}
{"timestamp":1558103366240,"message":"1558103364622\taddons.xpi\tDEBUG\tgetModTime: Recursive scan of fxdriver@googlecode.com\n","level":"INFO"}
{"timestamp":1558103366240,"message":"1558103364625\taddons.xpi\tDEBUG\tUpdating XPIState for {\"id\":\"loop@mozilla.org\",\"syncGUID\":\"hWWqEXIit3O-\",\"location\":\"app-system-defaults\",\"version\":\"0.1\",\"type\":\"extension\",\"internalName\":null,\"updateURL\":null,\"updateKey\":null,\"optionsURL\":null,\"optionsType\":null,\"aboutURL\":null,\"icons\":{},\"iconURL\":null,\"icon64URL\":null,\"defaultLocale\":{\"name\":\"Firefox Hello Beta\",\"description\":\"Web sharing for Firefox\",\"creator\":\"Mozilla\",\"homepageURL\":null},\"visible\":true,\"active\":true,\"userDisabled\":false,\"appDisabled\":false,\"descriptor\":\"/usr/lib/firefox-45.0/browser/features/loop@mozilla.org.xpi\",\"installDate\":1457046539000,\"updateDate\":1457046539000,\"applyBackgroundUpdates\":1,\"bootstrap\":true,\"skinnable\":false,\"size\":3086111,\"sourceURI\":null,\"releaseNotesURI\":null,\"softDisabled\":false,\"foreignInstall\":false,\"hasBinaryComponents\":false,\"strictCompatibility\":false,\"locales\":[],\"targetApplications\":[{\"id\":\"{ec8030f7-c20a-464f-9b0e-13a3a9e97384}\",\"minVersion\":\"45.0a1\",\"maxVersion\":\"45.0\"},{\"id\":\"xpcshell@tests.mozilla.org\",\"minVersion\":\"0\",\"maxVersion\":\"10\"}],\"targetPlatforms\":[],\"multiprocessCompatible\":false,\"seen\":true}\n","level":"INFO"}
{"timestamp":1558103366240,"message":"1558103364625\taddons.xpi\tDEBUG\tgetModTime: Recursive scan of loop@mozilla.org\n","level":"INFO"}
{"timestamp":1558103366241,"message":"1558103364626\taddons.xpi\tDEBUG\tUpdating XPIState for {\"id\":\"{972ce4c6-7e08-4474-a285-3208198ce6fd}\",\"syncGUID\":\"J-oik0zn_FWj\",\"location\":\"app-global\",\"version\":\"45.0\",\"type\":\"theme\",\"internalName\":\"classic/1.0\",\"updateURL\":null,\"updateKey\":null,\"optionsURL\":null,\"optionsType\":null,\"aboutURL\":null,\"icons\":{\"32\":\"icon.png\",\"48\":\"icon.png\"},\"iconURL\":null,\"icon64URL\":null,\"defaultLocale\":{\"name\":\"Default\",\"description\":\"The default theme.\",\"creator\":\"Mozilla\",\"homepageURL\":null,\"contributors\":[\"Mozilla Contributors\"]},\"visible\":true,\"active\":true,\"userDisabled\":false,\"appDisabled\":false,\"descriptor\":\"/usr/lib/firefox-45.0/browser/extensions/{972ce4c6-7e08-4474-a285-3208198ce6fd}.xpi\",\"installDate\":1457046539000,\"updateDate\":1457046539000,\"applyBackgroundUpdates\":1,\"skinnable\":true,\"size\":5022,\"sourceURI\":null,\"releaseNotesURI\":null,\"softDisabled\":false,\"foreignInstall\":false,\"hasBinaryComponents\":false,\"strictCompatibility\":true,\"locales\":[],\"targetApplications\":[{\"id\":\"{ec8030f7-c20a-464f-9b0e-13a3a9e97384}\",\"minVersion\":\"45.0\",\"maxVersion\":\"45.0\"}],\"targetPlatforms\":[],\"seen\":true}\n","level":"INFO"}
{"timestamp":1558103366241,"message":"1558103364626\taddons.xpi\tDEBUG\tgetModTime: Recursive scan of {972ce4c6-7e08-4474-a285-3208198ce6fd}\n","level":"INFO"}
{"timestamp":1558103366241,"message":"1558103364626\taddons.xpi\tDEBUG\tUpdating XPIState for {\"id\":\"ubufox@ubuntu.com\",\"syncGUID\":\"JmmpzyiyU3zT\",\"location\":\"app-system-share\",\"version\":\"3.2\",\"type\":\"extension\",\"internalName\":null,\"updateURL\":null,\"updateKey\":null,\"optionsURL\":null,\"optionsType\":null,\"aboutURL\":null,\"icons\":{},\"iconURL\":\"chrome://ubufox/content/ubuntulogo32.png\",\"icon64URL\":null,\"defaultLocale\":{\"name\":\"Ubuntu Modifications\",\"description\":\"Ubuntu modifications for Firefox\",\"creator\":\"Canonical Ltd.\",\"homepageURL\":null,\"contributors\":[\"Alexander Sack <asac@ubuntu.com>\",\"Sasa Bodiroza <jazzva@gmail.com>\",\"Daniel Abramov <ex@vingrad.ru>\",\"Arzhel Younsi <xionox@gmail.com>\",\"Saïvann Carignan <oxmosys@gmail.com>\",\"Chris Coulson <chris.coulson@canonical.com>\"]},\"visible\":true,\"active\":false,\"userDisabled\":true,\"appDisabled\":false,\"descriptor\":\"/usr/share/mozilla/extensions/{ec8030f7-c20a-464f-9b0e-13a3a9e97384}/ubufox@ubuntu.com.xpi\",\"installDate\":1442597112000,\"updateDate\":1442597112000,\"applyBackgroundUpdates\":1,\"bootstrap\":false,\"skinnable\":false,\"size\":129860,\"sourceURI\":null,\"releaseNotesURI\":null,\"softDisabled\":false,\"foreignInstall\":true,\"hasBinaryComponents\":false,\"strictCompatibility\":false,\"locales\":[{\"locales\":[\"af\"],\"name\":\"Ubuntu Modifications\",\"description\":\"Ubuntu Firefox Pak\",\"creator\":\"Canonical Ltd.\",\"homepageURL\":null},{\"locales\":[\"ar\"],\"name\":\"Ubuntu Modifications\",\"description\":\"حزمة فايرفوكس من أوبونتو.\",\"creator\":\"Canonical Ltd.\",\"homepageURL\":null},{\"locales\":[\"bg\"],\"name\":\"Ubuntu Modifications\",\"description\":\"Ubuntu Firefox Pack.\",\"creator\":\"Canonical Ltd.\",\"homepageURL\":null},{\"locales\":[\"ca\"],\"name\":\"Ubuntu Modifications\",\"description\":\"Paquet del Firefox de l'Ubuntu.\",\"creator\":\"Canonical Ltd.\",\"homepageURL\":null},{\"locales\":[\"cs\"],\"name\":\"Ubuntu Modifications\",\"description\":\"Ubuntu rozšíření pro Firefox.\",\"creator\":\"Canonical Ltd.\",\"homepageURL\":null},{\"locales\":[\"de\"],\"name\":\"Ubuntu Modifications\",\"description\":\"Ubuntu Firefox Paket.\",\"creator\":\"Canonical Ltd.\",\"homepageURL\":null},{\"locales\":[\"el\"],\"name\":\"Ubuntu Modifications\",\"description\":\"Πακέτο του Ubuntu για το Firefox.\",\"creator\":\"Canonical Ltd.\",\"homepageURL\":null},{\"locales\":[\"es\"],\"name\":\"Ubuntu Modifications\",\"description\":\"Paquete de Ubuntu para Firefox.\",\"creator\":\"Canonical Ltd.\",\"homepageURL\":null},{\"locales\":[\"eu\"],\"name\":\"Ubuntu Modifications\",\"description\":\"Ubuntu Firefox Pack.\",\"creator\":\"Canonical Ltd.\",\"homepageURL\":null},{\"locales\":[\"fi\"],\"name\":\"Ubuntu Modifications\",\"description\":\"Ubuntun Firefox-paketti\",\"creator\":\"Canonical Ltd.\",\"homepageURL\":null},{\"locales\":[\"fr\"],\"name\":\"Ubuntu Modifications\",\"description\":\"Paquet Firefox Pour Ubuntu.\",\"creator\":\"Canonical Ltd.\",\"homepageURL\":null},{\"locales\":[\"gl\"],\"name\":\"Ubuntu Modifications\",\"description\":\"Paquete de Ubuntu para Firefox.\",\"creator\":\"Canonical Ltd.\",\"homepageURL\":null},{\"locales\":[\"hu\"],\"name\":\"Ubuntu Modifications\",\"description\":\"Ubuntu Firefox csomag\",\"creator\":\"Canonical Ltd.\",\"homepageURL\":null},{\"locales\":[\"it\"],\"name\":\"Ubuntu Modifications\",\"description\":\"Pacchetto Firefox Ubuntu.\",\"creator\":\"Canonical Ltd.\",\"homepageURL\":null},{\"locales\":[\"ja\"],\"name\":\"Ubuntu Modifications\",\"description\":\"Ubuntu Firefoxパック。\",\"creator\":\"Canonical Ltd.\",\"homepageURL\":null},{\"locales\":[\"lt\"],\"name\":\"Ubuntu Modifications\",\"description\":\"Ubuntu Firefox paketas\",\"creator\":\"Canonical Ltd.\",\"homepageURL\":null},{\"locales\":[\"nl\"],\"name\":\"Ubuntu Modifications\",\"description\":\"Ubuntu Firefox-pakket.\",\"creator\":\"Canonical Ltd.\",\"homepageURL\":null},{\"locales\":[\"pl\"],\"name\":\"Ubuntu Modifications\",\"description\":\"Pakiet Ubuntu Firefox.\",\"creator\":\"Canonical Ltd.\",\"homepageURL\":null},{\"locales\":[\"pt-BR\"],\"name\":\"Ubuntu Modifications\",\"description\":\"Pacote para o Firefox do Ubuntu\",\"creator\":\"Canonical Ltd.\",\"homepageURL\":null},{\"locales\":[\"pt-PT\"],\"name\":\"Ubuntu Modifications\",\"description\":\"Pacote Ubuntu Firefox\",\"creator\":\"Canonical Ltd.\",\"homepageURL\":null},{\"locales\":[\"ro\"],\"name\":\"Ubuntu Modifications\",\"description\":\"Pachetul Ubuntu Firefox.\",\"creator\":\"Canonical Ltd.\",\"homepageURL\":null},{\"locales\":[\"ru\"],\"name\":\"Ubuntu Modifications\",\"description\":\"Расширения Firefox для Ubuntu\",\"creator\":\"Canonical Ltd.\",\"homepageURL\":null},{\"locales\":[\"sl\"],\"name\":\"Ubuntu Modifications\",\"description\":\"Ubuntu razširitve za Firefox.\",\"creator\":\"Canonical Ltd.\",\"homepageURL\":null},{\"locales\":[\"sv-SE\"],\"name\":\"Ubuntu Modifications\",\"description\":\"Ubuntu-paket för Firefox.\",\"creator\":\"Canonical Ltd.\",\"homepageURL\":null},{\"locales\":[\"uk\"],\"name\":\"Ubuntu Modifications\",\"description\":\"Убунтівські доповнення до Firefox.\",\"creator\":\"Canonical Ltd.\",\"homepageURL\":null},{\"locales\":[\"zh-CN\"],\"name\":\"Ubuntu Modifications\",\"description\":\"Ubuntu 火狐扩展包.\",\"creator\":\"Canonical Ltd.\",\"homepageURL\":null},{\"locales\":[\"zh-TW\"],\"name\":\"Ubuntu Modifications\",\"description\":\"Ubuntu Firefox 擴充包。\",\"creator\":\"Canonical Ltd.\",\"homepageURL\":null}],\"targetApplications\":[{\"id\":\"{ec8030f7-c20a-464f-9b0e-13a3a9e97384}\",\"minVersion\":\"9.0\",\"maxVersion\":\"37.0a1\"}],\"targetPlatforms\":[],\"multiprocessCompatible\":false,\"signedState\":-1,\"seen\":true}\n","level":"INFO"}
{"timestamp":1558103366241,"message":"1558103364627\tDeferredSave.extensions.json\tDEBUG\tSave changes\n","level":"INFO"}
{"timestamp":1558103366241,"message":"1558103364627\taddons.xpi\tDEBUG\tUpdating database with changes to installed add-ons\n","level":"INFO"}
{"timestamp":1558103366241,"message":"1558103364627\taddons.xpi-utils\tDEBUG\tUpdating add-on states\n","level":"INFO"}
{"timestamp":1558103366242,"message":"1558103364628\taddons.xpi-utils\tDEBUG\tWriting add-ons list\n","level":"INFO"}
{"timestamp":1558103366242,"message":"1558103364629\taddons.xpi\tDEBUG\tRegistering manifest for /usr/lib/firefox-45.0/browser/features/loop@mozilla.org.xpi\n","level":"INFO"}
{"timestamp":1558103366242,"message":"1558103364629\taddons.xpi\tDEBUG\tCalling bootstrap method startup on loop@mozilla.org version 0.1\n","level":"INFO"}
{"timestamp":1558103366242,"message":"1558103364651\taddons.manager\tDEBUG\tStarting provider: <unnamed-provider>\n","level":"INFO"}
{"timestamp":1558103366242,"message":"1558103364652\taddons.manager\tDEBUG\tRegistering shutdown blocker for <unnamed-provider>\n","level":"INFO"}
{"timestamp":1558103366242,"message":"1558103364652\taddons.manager\tDEBUG\tProvider finished startup: <unnamed-provider>\n","level":"INFO"}
{"timestamp":1558103366242,"message":"1558103364665\taddons.manager\tDEBUG\tRegistering shutdown blocker for XPIProvider\n","level":"INFO"}
{"timestamp":1558103366243,"message":"1558103364666\taddons.manager\tDEBUG\tProvider finished startup: XPIProvider\n","level":"INFO"}
{"timestamp":1558103366243,"message":"1558103364666\taddons.manager\tDEBUG\tStarting provider: LightweightThemeManager\n","level":"INFO"}
{"timestamp":1558103366243,"message":"1558103364666\taddons.manager\tDEBUG\tRegistering shutdown blocker for LightweightThemeManager\n","level":"INFO"}
{"timestamp":1558103366243,"message":"1558103364666\taddons.manager\tDEBUG\tProvider finished startup: LightweightThemeManager\n","level":"INFO"}
{"timestamp":1558103366243,"message":"1558103364667\taddons.manager\tDEBUG\tStarting provider: GMPProvider\n","level":"INFO"}
{"timestamp":1558103366243,"message":"1558103364675\taddons.manager\tDEBUG\tRegistering shutdown blocker for GMPProvider\n","level":"INFO"}
{"timestamp":1558103366243,"message":"1558103364675\taddons.manager\tDEBUG\tProvider finished startup: GMPProvider\n","level":"INFO"}
{"timestamp":1558103366244,"message":"1558103364675\taddons.manager\tDEBUG\tStarting provider: PluginProvider\n","level":"INFO"}
{"timestamp":1558103366244,"message":"1558103364675\taddons.manager\tDEBUG\tRegistering shutdown blocker for PluginProvider\n","level":"INFO"}
{"timestamp":1558103366244,"message":"1558103364675\taddons.manager\tDEBUG\tProvider finished startup: PluginProvider\n","level":"INFO"}
{"timestamp":1558103366244,"message":"1558103364676\taddons.manager\tDEBUG\tCompleted startup sequence\n","level":"INFO"}
{"timestamp":1558103366244,"message":"Trying to re-register CID '{e26dbdcd-d3ba-4ded-88c3-6cb07ee3e9e0}' already registered by file:///tmp/anonymous2734705986401893287webdriver-profile/extensions/fxdriver@googlecode.com/components/prompt-service.js.","level":"WARNING"}
{"timestamp":1558103366244,"message":"Only application manifests may use the 'binary-component' directive.","level":"WARNING"}
{"timestamp":1558103366244,"message":"While creating services from category 'profile-after-change', service for entry 'SpeechDispatcher Speech Synth', contract ID '@mozilla.org/synthspeechdispatcher;1' does not implement nsIObserver.\n","level":"INFO"}
{"timestamp":1558103366245,"message":"Unknown property 'grid-auto-columns'.  Declaration dropped.","level":"WARNING"}
{"timestamp":1558103366245,"message":"Unknown property 'grid-auto-rows'.  Declaration dropped.","level":"WARNING"}
{"timestamp":1558103366245,"message":"Unknown property 'grid-auto-flow'.  Declaration dropped.","level":"WARNING"}
{"timestamp":1558103366245,"message":"Unknown property 'grid-column-gap'.  Declaration dropped.","level":"WARNING"}
{"timestamp":1558103366245,"message":"Unknown property 'grid-row-gap'.  Declaration dropped.","level":"WARNING"}
{"timestamp":1558103366245,"message":"Unknown property 'grid-template-areas'.  Declaration dropped.","level":"WARNING"}
{"timestamp":1558103366245,"message":"Unknown property 'grid-template-columns'.  Declaration dropped.","level":"WARNING"}
{"timestamp":1558103366245,"message":"Unknown property 'grid-template-rows'.  Declaration dropped.","level":"WARNING"}
{"timestamp":1558103366246,"message":"Warning: unrecognized command line flag -foreground\n","level":"INFO"}
{"timestamp":1558103366246,"message":"1558103365013\tDeferredSave.extensions.json\tDEBUG\tStarting write\n","level":"INFO"}
{"timestamp":1558103366246,"message":"1558103365215\taddons.repository\tDEBUG\tNo addons.json found.\n","level":"INFO"}
{"timestamp":1558103366246,"message":"1558103365216\tDeferredSave.addons.json\tDEBUG\tSave changes\n","level":"INFO"}
{"timestamp":1558103366246,"message":"1558103365221\tDeferredSave.addons.json\tDEBUG\tStarting timer\n","level":"INFO"}
{"timestamp":1558103366246,"message":"1558103365336\taddons.manager\tDEBUG\tStarting provider: PreviousExperimentProvider\n","level":"INFO"}
{"timestamp":1558103366246,"message":"1558103365336\taddons.manager\tDEBUG\tRegistering shutdown blocker for PreviousExperimentProvider\n","level":"INFO"}
{"timestamp":1558103366247,"message":"1558103365336\taddons.manager\tDEBUG\tProvider finished startup: PreviousExperimentProvider\n","level":"INFO"}
{"timestamp":1558103366247,"message":"1558103365341\tDeferredSave.extensions.json\tDEBUG\tWrite succeeded\n","level":"INFO"}
{"timestamp":1558103366247,"message":"1558103365342\taddons.xpi-utils\tDEBUG\tXPI Database saved, setting schema version preference to 17\n","level":"INFO"}
{"timestamp":1558103366247,"message":"1558103365343\tDeferredSave.addons.json\tDEBUG\tStarting write\n","level":"INFO"}
{"timestamp":1558103366247,"message":"1558103365424\tDeferredSave.addons.json\tDEBUG\tWrite succeeded\n","level":"INFO"}
{"timestamp":1558103368292,"message":"TelemetryStopwatch: key \"FX_PAGE_LOAD_MS\" was already initialized","level":"INFO"}
{"timestamp":1558103371776,"message":"1558103371775\tBrowser.SelfSupportBackend\tERROR\t_loadSelfSupport - Non HTTPS URL provided: ","level":"INFO"}
{"timestamp":1558103371831,"message":"TelemetryStopwatch: key \"FX_PAGE_LOAD_MS\" was already initialized","level":"INFO"}
{"timestamp":1558103374420,"message":"TelemetryStopwatch: key \"FX_PAGE_LOAD_MS\" was already initialized","level":"INFO"}
{"timestamp":1558103376890,"message":"TelemetryStopwatch: key \"FX_PAGE_LOAD_MS\" was already initialized","level":"INFO"}