{"timestamp":1558103365218,"message":"Could not read chrome manifest 'file:///usr/lib/firefox-45.0/chrome.manifest'.\n","level":"INFO"}
{"timestamp":1558103365218,"message":"1558103363618\taddons.manager\tDEBUG\tApplication has been upgraded\n","level":"INFO"}
{"timestamp":1558103365218,"message":"1558103363648\taddons.manager\tDEBUG\tLoaded provider scope for resource://gre/modules/addons/XPIProvider.jsm: [\"XPIProvider\"]\n","level":"INFO"}
{"timestamp":1558103365219,"message":"1558103363650\taddons.manager\tDEBUG\tLoaded provider scope for resource://gre/modules/LightweightThemeManager.jsm: [\"LightweightThemeManager\"]\n","level":"INFO"}
{"timestamp":1558103365219,"message":"1558103363652\taddons.manager\tDEBUG\tLoaded provider scope for resource://gre/modules/addons/GMPProvider.jsm\n","level":"INFO"}
{"timestamp":1558103365219,"message":"1558103363654\taddons.manager\tDEBUG\tLoaded provider scope for resource://gre/modules/addons/PluginProvider.jsm\n","level":"INFO"}
{"timestamp":1558103365219,"message":"1558103363655\taddons.manager\tDEBUG\tStarting provider: XPIProvider\n","level":"INFO"}
{"timestamp":1558103365219,"message":"1558103363655\taddons.xpi\tDEBUG\tstartup\n","level":"INFO"}
{"timestamp":1558103365219,"message":"1558103363655\taddons.xpi\tINFO\tMapping fxdriver@googlecode.com to /tmp/anonymous3003496302396242219webdriver-profile/extensions/fxdriver@googlecode.com\n","level":"INFO"}
{"timestamp":1558103365220,"message":"1558103363656\taddons.xpi\tDEBUG\tIgnoring file entry whose name is not a valid add-on ID: /tmp/anonymous3003496302396242219webdriver-profile/extensions/webdriver-staging\n","level":"INFO"}
{"timestamp":1558103365220,"message":"1558103363657\taddons.xpi\tINFO\tSystemAddonInstallLocation directory is missing\n","level":"INFO"}
{"timestamp":1558103365221,"message":"1558103363658\taddons.xpi\tINFO\tMapping loop@mozilla.org to /usr/lib/firefox-45.0/browser/features/loop@mozilla.org.xpi\n","level":"INFO"}
{"timestamp":1558103365221,"message":"1558103363659\taddons.xpi\tINFO\tMapping {972ce4c6-7e08-4474-a285-3208198ce6fd} to /usr/lib/firefox-45.0/browser/extensions/{972ce4c6-7e08-4474-a285-3208198ce6fd}.xpi\n","level":"INFO"}
{"timestamp":1558103365221,"message":"1558103363661\taddons.xpi\tINFO\tMapping ubufox@ubuntu.com to /usr/share/mozilla/extensions/{ec8030f7-c20a-464f-9b0e-13a3a9e97384}/ubufox@ubuntu.com.xpi\n","level":"INFO"}
{"timestamp":1558103365221,"message":"1558103363662\taddons.xpi\tDEBUG\tcheckForChanges\n","level":"INFO"}
{"timestamp":1558103365222,"message":"1558103363663\taddons.xpi\tDEBUG\tLoaded add-on state from prefs: {}\n","level":"INFO"}
{"timestamp":1558103365222,"message":"1558103363664\taddons.xpi\tDEBUG\tNew add-on fxdriver@googlecode.com in app-profile\n","level":"INFO"}
{"timestamp":1558103365222,"message":"1558103363665\taddons.xpi\tDEBUG\tgetModTime: Recursive scan of fxdriver@googlecode.com\n","level":"INFO"}
{"timestamp":1558103365222,"message":"1558103363667\taddons.xpi\tDEBUG\tNew add-on loop@mozilla.org in app-system-defaults\n","level":"INFO"}
{"timestamp":1558103365222,"message":"1558103363667\taddons.xpi\tDEBUG\tgetModTime: Recursive scan of loop@mozilla.org\n","level":"INFO"}
{"timestamp":1558103365223,"message":"1558103363668\taddons.xpi\tDEBUG\tNew add-on {972ce4c6-7e08-4474-a285-3208198ce6fd} in app-global\n","level":"INFO"}
{"timestamp":1558103365223,"message":"1558103363669\taddons.xpi\tDEBUG\tgetModTime: Recursive scan of {972ce4c6-7e08-4474-a285-3208198ce6fd}\n","level":"INFO"}
{"timestamp":1558103365223,"message":"1558103363670\taddons.xpi\tDEBUG\tNew add-on ubufox@ubuntu.com in app-system-share\n","level":"INFO"}
{"timestamp":1558103365223,"message":"1558103363670\taddons.xpi\tDEBUG\tgetModTime: Recursive scan of ubufox@ubuntu.com\n","level":"INFO"}
{"timestamp":1558103365223,"message":"1558103363671\taddons.xpi\tDEBUG\tgetInstallState changed: true, state: {\"app-profile\":{\"fxdriver@googlecode.com\":{\"d\":\"/tmp/anonymous3003496302396242219webdriver-profile/extensions/fxdriver@googlecode.com\",\"st\":1558103362000,\"mt\":1558103362000}},\"app-system-defaults\":{\"loop@mozilla.org\":{\"d\":\"/usr/lib/firefox-45.0/browser/features/loop@mozilla.org.xpi\",\"st\":1457046539000}},\"app-global\":{\"{972ce4c6-7e08-4474-a285-3208198ce6fd}\":{\"d\":\"/usr/lib/firefox-45.0/browser/extensions/{972ce4c6-7e08-4474-a285-3208198ce6fd}.xpi\",\"st\":1457046539000}},\"app-system-share\":{\"ubufox@ubuntu.com\":{\"d\":\"/usr/share/mozilla/extensions/{ec8030f7-c20a-464f-9b0e-13a3a9e97384}/ubufox@ubuntu.com.xpi\",\"st\":1442597112000}}}\n","level":"INFO"}
{"timestamp":1558103365224,"message":"1558103363679\taddons.xpi-utils\tDEBUG\tOpening XPI database /tmp/anonymous3003496302396242219webdriver-profile/extensions.json\n","level":"INFO"}
{"timestamp":1558103365224,"message":"1558103363680\taddons.xpi-utils\tDEBUG\tNew add-on fxdriver@googlecode.com installed in app-profile\n","level":"INFO"}
{"timestamp":1558103365224,"message":"Blocklist::_loadBlocklistFromFile: blocklist is disabled\n","level":"INFO"}
{"timestamp":1558103365224,"message":"1558103363694\tDeferredSave.extensions.json\tDEBUG\tSave changes\n","level":"INFO"}
{"timestamp":1558103365224,"message":"1558103363694\taddons.xpi-utils\tDEBUG\tNew add-on loop@mozilla.org installed in app-system-defaults\n","level":"INFO"}
{"timestamp":1558103365225,"message":"1558103363703\tDeferredSave.extensions.json\tDEBUG\tStarting timer\n","level":"INFO"}
{"timestamp":1558103365225,"message":"1558103363704\tDeferredSave.extensions.json\tDEBUG\tSave changes\n","level":"INFO"}
{"timestamp":1558103365225,"message":"1558103363705\taddons.xpi-utils\tDEBUG\tNew add-on {972ce4c6-7e08-4474-a285-3208198ce6fd} installed in app-global\n","level":"INFO"}
{"timestamp":1558103365225,"message":"1558103363714\tDeferredSave.extensions.json\tDEBUG\tSave changes\n","level":"INFO"}
{"timestamp":1558103365225,"message":"1558103363714\taddons.xpi-utils\tDEBUG\tNew add-on ubufox@ubuntu.com installed in app-system-share\n","level":"INFO"}
{"timestamp":1558103365226,"message":"1558103363727\tDeferredSave.extensions.json\tDEBUG\tStarting write\n","level":"INFO"}
{"timestamp":1558103365226,"message":"1558103363732\taddons.xpi-utils\tWARN\tDisabling foreign installed add-on ubufox@ubuntu.com in app-system-share\n","level":"INFO"}
{"timestamp":1558103365226,"message":"1558103363733\tDeferredSave.extensions.json\tDEBUG\tSave changes\n","level":"INFO"}
{"timestamp":1558103365226,"message":"1558103363733\tDeferredSave.extensions.json\tDEBUG\tData changed while write in progress\n","level":"INFO"}
{"timestamp":1558103365226,"message":"1558103363734\taddons.xpi-utils\tINFO\tHiding the updated system add-ons.\n","level":"INFO"}
{"timestamp":1558103365226,"message":"1558103363734\taddons.manager\tDEBUG\tRegistering startup change 'installed' for fxdriver@googlecode.com\n","level":"INFO"}
{"timestamp":1558103365226,"message":"1558103363734\taddons.xpi-utils\tDEBUG\tMake addon app-profile:fxdriver@googlecode.com visible\n","level":"INFO"}
{"timestamp":1558103365227,"message":"1558103363735\tDeferredSave.extensions.json\tDEBUG\tSave changes\n","level":"INFO"}
{"timestamp":1558103365227,"message":"1558103363742\taddons.xpi\tDEBUG\tLoading bootstrap scope from /usr/lib/firefox-45.0/browser/features/loop@mozilla.org.xpi\n","level":"INFO"}
{"timestamp":1558103365227,"message":"1558103363754\taddons.xpi\tDEBUG\tCalling bootstrap method install on loop@mozilla.org version 0.1\n","level":"INFO"}
{"timestamp":1558103365227,"message":"1558103363754\taddons.xpi-utils\tDEBUG\tMake addon app-system-defaults:loop@mozilla.org visible\n","level":"INFO"}
{"timestamp":1558103365227,"message":"1558103363755\tDeferredSave.extensions.json\tDEBUG\tSave changes\n","level":"INFO"}
{"timestamp":1558103365227,"message":"1558103363755\taddons.xpi-utils\tDEBUG\tMake addon app-global:{972ce4c6-7e08-4474-a285-3208198ce6fd} visible\n","level":"INFO"}
{"timestamp":1558103365227,"message":"1558103363756\tDeferredSave.extensions.json\tDEBUG\tSave changes\n","level":"INFO"}
{"timestamp":1558103365228,"message":"1558103363756\taddons.manager\tDEBUG\tRegistering startup change 'installed' for ubufox@ubuntu.com\n","level":"INFO"}
{"timestamp":1558103365228,"message":"1558103363756\taddons.xpi-utils\tDEBUG\tMake addon app-system-share:ubufox@ubuntu.com visible\n","level":"INFO"}
{"timestamp":1558103365228,"message":"1558103363757\tDeferredSave.extensions.json\tDEBUG\tSave changes\n","level":"INFO"}
{"timestamp":1558103365228,"message":"1558103363757\taddons.xpi\tDEBUG\tUpdating XPIState for {\"id\":\"fxdriver@googlecode.com\",\"syncGUID\":\"NoHEJ7YoJaeS\",\"location\":\"app-profile\",\"version\":\"2.53.1\",\"type\":\"extension\",\"internalName\":null,\"updateURL\":null,\"updateKey\":null,\"optionsURL\":null,\"optionsType\":null,\"aboutURL\":null,\"icons\":{},\"iconURL\":null,\"icon64URL\":null,\"defaultLocale\":{\"name\":\"Firefox WebDriver\",\"description\":\"WebDriver implementation for Firefox\",\"creator\":\"Simon Stewart\",\"homepageURL\":null},\"visible\":true,\"active\":true,\"userDisabled\":false,\"appDisabled\":false,\"descriptor\":\"/tmp/anonymous3003496302396242219webdriver-profile/extensions/fxdriver@googlecode.com\",\"installDate\":1558103362000,\"updateDate\":1558103362000,\"applyBackgroundUpdates\":1,\"bootstrap\":false,\"skinnable\":false,\"size\":3249525,\"sourceURI\":null,\"releaseNotesURI\":null,\"softDisabled\":false,\"foreignInstall\":true,\"hasBinaryComponents\":true,\"strictCompatibility\":false,\"locales\":[],\"targetApplications\":[{\"id\":\"{ec8030f7-c20a-464f-9b0e-13a3a9e97384}\",\"minVersion\":\"3.0\",\"maxVersion\":\"48.0\"}],\"targetPlatforms\":[{\"os\":\"Darwin\",\"abi\":null},{\"os\":\"SunOS\",\"abi\":null},{\"os\":\"FreeBSD\",\"abi\":null},{\"os\":\"OpenBSD\",\"abi\":null},{\"os\":\"WINNT\",\"abi\":null},{\"os\":\"Linux\",\"abi\":null}],\"multiprocessCompatible\":false,\"signedState\":0,\"seen\":true}\n","level":"INFO"}
{"timestamp":1558103365228,"message":"1558103363759\taddons.xpi\tDEBUG\tgetModTime: Recursive scan of fxdriver@googlecode.com\n","level":"INFO"}
{"timestamp":1558103365228,"message":"1558103363763\taddons.xpi\tDEBUG\tUpdating XPIState for {\"id\":\"loop@mozilla.org\",\"syncGUID\":\"9rVGc1ryKJtr\",\"location\":\"app-system-defaults\",\"version\":\"0.1\",\"type\":\"extension\",\"internalName\":null,\"updateURL\":null,\"updateKey\":null,\"optionsURL\":null,\"optionsType\":null,\"aboutURL\":null,\"icons\":{},\"iconURL\":null,\"icon64URL\":null,\"defaultLocale\":{\"name\":\"Firefox Hello Beta\",\"description\":\"Web sharing for Firefox\",\"creator\":\"Mozilla\",\"homepageURL\":null},\"visible\":true,\"active\":true,\"userDisabled\":false,\"appDisabled\":false,\"descriptor\":\"/usr/lib/firefox-45.0/browser/features/loop@mozilla.org.xpi\",\"installDate\":1457046539000,\"updateDate\":1457046539000,\"applyBackgroundUpdates\":1,\"bootstrap\":true,\"skinnable\":false,\"size\":3086111,\"sourceURI\":null,\"releaseNotesURI\":null,\"softDisabled\":false,\"foreignInstall\":false,\"hasBinaryComponents\":false,\"strictCompatibility\":false,\"locales\":[],\"targetApplications\":[{\"id\":\"{ec8030f7-c20a-464f-9b0e-13a3a9e97384}\",\"minVersion\":\"45.0a1\",\"maxVersion\":\"45.0\"},{\"id\":\"xpcshell@tests.mozilla.org\",\"minVersion\":\"0\",\"maxVersion\":\"10\"}],\"targetPlatforms\":[],\"multiprocessCompatible\":false,\"seen\":true}\n","level":"INFO"}
{"timestamp":1558103365228,"message":"1558103363763\taddons.xpi\tDEBUG\tgetModTime: Recursive scan of loop@mozilla.org\n","level":"INFO"}
{"timestamp":1558103365229,"message":"1558103363764\taddons.xpi\tDEBUG\tUpdating XPIState for {\"id\":\"{972ce4c6-7e08-4474-a285-3208198ce6fd}\",\"syncGUID\":\"rfgVRbaL6P8v\",\"location\":\"app-global\",\"version\":\"45.0\",\"type\":\"theme\",\"internalName\":\"classic/1.0\",\"updateURL\":null,\"updateKey\":null,\"optionsURL\":null,\"optionsType\":null,\"aboutURL\":null,\"icons\":{\"32\":\"icon.png\",\"48\":\"icon.png\"},\"iconURL\":null,\"icon64URL\":null,\"defaultLocale\":{\"name\":\"Default\",\"description\":\"The default theme.\",\"creator\":\"Mozilla\",\"homepageURL\":null,\"contributors\":[\"Mozilla Contributors\"]},\"visible\":true,\"active\":true,\"userDisabled\":false,\"appDisabled\":false,\"descriptor\":\"/usr/lib/firefox-45.0/browser/extensions/{972ce4c6-7e08-4474-a285-3208198ce6fd}.xpi\",\"installDate\":1457046539000,\"updateDate\":1457046539000,\"applyBackgroundUpdates\":1,\"skinnable\":true,\"size\":5022,\"sourceURI\":null,\"releaseNotesURI\":null,\"softDisabled\":false,\"foreignInstall\":false,\"hasBinaryComponents\":false,\"strictCompatibility\":true,\"locales\":[],\"targetApplications\":[{\"id\":\"{ec8030f7-c20a-464f-9b0e-13a3a9e97384}\",\"minVersion\":\"45.0\",\"maxVersion\":\"45.0\"}],\"targetPlatforms\":[],\"seen\":true}\n","level":"INFO"}
{"timestamp":1558103365229,"message":"1558103363764\taddons.xpi\tDEBUG\tgetModTime: Recursive scan of {972ce4c6-7e08-4474-a285-3208198ce6fd}\n","level":"INFO"}
{"timestamp":1558103365229,"message":"1558103363765\taddons.xpi\tDEBUG\tUpdating XPIState for {\"id\":\"ubufox@ubuntu.com\",\"syncGUID\":\"1jHIDGMnmeNx\",\"location\":\"app-system-share\",\"version\":\"3.2\",\"type\":\"extension\",\"internalName\":null,\"updateURL\":null,\"updateKey\":null,\"optionsURL\":null,\"optionsType\":null,\"aboutURL\":null,\"icons\":{},\"iconURL\":\"chrome://ubufox/content/ubuntulogo32.png\",\"icon64URL\":null,\"defaultLocale\":{\"name\":\"Ubuntu Modifications\",\"description\":\"Ubuntu modifications for Firefox\",\"creator\":\"Canonical Ltd.\",\"homepageURL\":null,\"contributors\":[\"Alexander Sack <asac@ubuntu.com>\",\"Sasa Bodiroza <jazzva@gmail.com>\",\"Daniel Abramov <ex@vingrad.ru>\",\"Arzhel Younsi <xionox@gmail.com>\",\"Saïvann Carignan <oxmosys@gmail.com>\",\"Chris Coulson <chris.coulson@canonical.com>\"]},\"visible\":true,\"active\":false,\"userDisabled\":true,\"appDisabled\":false,\"descriptor\":\"/usr/share/mozilla/extensions/{ec8030f7-c20a-464f-9b0e-13a3a9e97384}/ubufox@ubuntu.com.xpi\",\"installDate\":1442597112000,\"updateDate\":1442597112000,\"applyBackgroundUpdates\":1,\"bootstrap\":false,\"skinnable\":false,\"size\":129860,\"sourceURI\":null,\"releaseNotesURI\":null,\"softDisabled\":false,\"foreignInstall\":true,\"hasBinaryComponents\":false,\"strictCompatibility\":false,\"locales\":[{\"locales\":[\"af\"],\"name\":\"Ubuntu Modifications\",\"description\":\"Ubuntu Firefox Pak\",\"creator\":\"Canonical Ltd.\",\"homepageURL\":null},{\"locales\":[\"ar\"],\"name\":\"Ubuntu Modifications\",\"description\":\"حزمة فايرفوكس من أوبونتو.\",\"creator\":\"Canonical Ltd.\",\"homepageURL\":null},{\"locales\":[\"bg\"],\"name\":\"Ubuntu Modifications\",\"description\":\"Ubuntu Firefox Pack.\",\"creator\":\"Canonical Ltd.\",\"homepageURL\":null},{\"locales\":[\"ca\"],\"name\":\"Ubuntu Modifications\",\"description\":\"Paquet del Firefox de l'Ubuntu.\",\"creator\":\"Canonical Ltd.\",\"homepageURL\":null},{\"locales\":[\"cs\"],\"name\":\"Ubuntu Modifications\",\"description\":\"Ubuntu rozšíření pro Firefox.\",\"creator\":\"Canonical Ltd.\",\"homepageURL\":null},{\"locales\":[\"de\"],\"name\":\"Ubuntu Modifications\",\"description\":\"Ubuntu Firefox Paket.\",\"creator\":\"Canonical Ltd.\",\"homepageURL\":null},{\"locales\":[\"el\"],\"name\":\"Ubuntu Modifications\",\"description\":\"Πακέτο του Ubuntu για το Firefox.\",\"creator\":\"Canonical Ltd.\",\"homepageURL\":null},{\"locales\":[\"es\"],\"name\":\"Ubuntu Modifications\",\"description\":\"Paquete de Ubuntu para Firefox.\",\"creator\":\"Canonical Ltd.\",\"homepageURL\":null},{\"locales\":[\"eu\"],\"name\":\"Ubuntu Modifications\",\"description\":\"Ubuntu Firefox Pack.\",\"creator\":\"Canonical Ltd.\",\"homepageURL\":null},{\"locales\":[\"fi\"],\"name\":\"Ubuntu Modifications\",\"description\":\"Ubuntun Firefox-paketti\",\"creator\":\"Canonical Ltd.\",\"homepageURL\":null},{\"locales\":[\"fr\"],\"name\":\"Ubuntu Modifications\",\"description\":\"Paquet Firefox Pour Ubuntu.\",\"creator\":\"Canonical Ltd.\",\"homepageURL\":null},{\"locales\":[\"gl\"],\"name\":\"Ubuntu Modifications\",\"description\":\"Paquete de Ubuntu para Firefox.\",\"creator\":\"Canonical Ltd.\",\"homepageURL\":null},{\"locales\":[\"hu\"],\"name\":\"Ubuntu Modifications\",\"description\":\"Ubuntu Firefox csomag\",\"creator\":\"Canonical Ltd.\",\"homepageURL\":null},{\"locales\":[\"it\"],\"name\":\"Ubuntu Modifications\",\"description\":\"Pacchetto Firefox Ubuntu.\",\"creator\":\"Canonical Ltd.\",\"homepageURL\":null},{\"locales\":[\"ja\"],\"name\":\"Ubuntu Modifications\",\"description\":\"Ubuntu Firefoxパック。\",\"creator\":\"Canonical Ltd.\",\"homepageURL\":null},{\"locales\":[\"lt\"],\"name\":\"Ubuntu Modifications\",\"description\":\"Ubuntu Firefox paketas\",\"creator\":\"Canonical Ltd.\",\"homepageURL\":null},{\"locales\":[\"nl\"],\"name\":\"Ubuntu Modifications\",\"description\":\"Ubuntu Firefox-pakket.\",\"creator\":\"Canonical Ltd.\",\"homepageURL\":null},{\"locales\":[\"pl\"],\"name\":\"Ubuntu Modifications\",\"description\":\"Pakiet Ubuntu Firefox.\",\"creator\":\"Canonical Ltd.\",\"homepageURL\":null},{\"locales\":[\"pt-BR\"],\"name\":\"Ubuntu Modifications\",\"description\":\"Pacote para o Firefox do Ubuntu\",\"creator\":\"Canonical Ltd.\",\"homepageURL\":null},{\"locales\":[\"pt-PT\"],\"name\":\"Ubuntu Modifications\",\"description\":\"Pacote Ubuntu Firefox\",\"creator\":\"Canonical Ltd.\",\"homepageURL\":null},{\"locales\":[\"ro\"],\"name\":\"Ubuntu Modifications\",\"description\":\"Pachetul Ubuntu Firefox.\",\"creator\":\"Canonical Ltd.\",\"homepageURL\":null},{\"locales\":[\"ru\"],\"name\":\"Ubuntu Modifications\",\"description\":\"Расширения Firefox для Ubuntu\",\"creator\":\"Canonical Ltd.\",\"homepageURL\":null},{\"locales\":[\"sl\"],\"name\":\"Ubuntu Modifications\",\"description\":\"Ubuntu razširitve za Firefox.\",\"creator\":\"Canonical Ltd.\",\"homepageURL\":null},{\"locales\":[\"sv-SE\"],\"name\":\"Ubuntu Modifications\",\"description\":\"Ubuntu-paket för Firefox.\",\"creator\":\"Canonical Ltd.\",\"homepageURL\":null},{\"locales\":[\"uk\"],\"name\":\"Ubuntu Modifications\",\"description\":\"Убунтівські доповнення до Firefox.\",\"creator\":\"Canonical Ltd.\",\"homepageURL\":null},{\"locales\":[\"zh-CN\"],\"name\":\"Ubuntu Modifications\",\"description\":\"Ubuntu 火狐扩展包.\",\"creator\":\"Canonical Ltd.\",\"homepageURL\":null},{\"locales\":[\"zh-TW\"],\"name\":\"Ubuntu Modifications\",\"description\":\"Ubuntu Firefox 擴充包。\",\"creator\":\"Canonical Ltd.\",\"homepageURL\":null}],\"targetApplications\":[{\"id\":\"{ec8030f7-c20a-464f-9b0e-13a3a9e97384}\",\"minVersion\":\"9.0\",\"maxVersion\":\"37.0a1\"}],\"targetPlatforms\":[],\"multiprocessCompatible\":false,\"signedState\":-1,\"seen\":true}\n","level":"INFO"}
{"timestamp":1558103365229,"message":"1558103363765\tDeferredSave.extensions.json\tDEBUG\tSave changes\n","level":"INFO"}
{"timestamp":1558103365229,"message":"1558103363766\taddons.xpi\tDEBUG\tUpdating database with changes to installed add-ons\n","level":"INFO"}
{"timestamp":1558103365229,"message":"1558103363766\taddons.xpi-utils\tDEBUG\tUpdating add-on states\n","level":"INFO"}
{"timestamp":1558103365230,"message":"1558103363766\taddons.xpi-utils\tDEBUG\tWriting add-ons list\n","level":"INFO"}
{"timestamp":1558103365230,"message":"1558103363768\taddons.xpi\tDEBUG\tRegistering manifest for /usr/lib/firefox-45.0/browser/features/loop@mozilla.org.xpi\n","level":"INFO"}
{"timestamp":1558103365230,"message":"1558103363768\taddons.xpi\tDEBUG\tCalling bootstrap method startup on loop@mozilla.org version 0.1\n","level":"INFO"}
{"timestamp":1558103365230,"message":"1558103363784\taddons.manager\tDEBUG\tStarting provider: <unnamed-provider>\n","level":"INFO"}
{"timestamp":1558103365230,"message":"1558103363784\taddons.manager\tDEBUG\tRegistering shutdown blocker for <unnamed-provider>\n","level":"INFO"}
{"timestamp":1558103365230,"message":"1558103363785\taddons.manager\tDEBUG\tProvider finished startup: <unnamed-provider>\n","level":"INFO"}
{"timestamp":1558103365230,"message":"1558103363805\taddons.manager\tDEBUG\tRegistering shutdown blocker for XPIProvider\n","level":"INFO"}
{"timestamp":1558103365231,"message":"1558103363805\taddons.manager\tDEBUG\tProvider finished startup: XPIProvider\n","level":"INFO"}
{"timestamp":1558103365231,"message":"1558103363805\taddons.manager\tDEBUG\tStarting provider: LightweightThemeManager\n","level":"INFO"}
{"timestamp":1558103365231,"message":"1558103363805\taddons.manager\tDEBUG\tRegistering shutdown blocker for LightweightThemeManager\n","level":"INFO"}
{"timestamp":1558103365231,"message":"1558103363805\taddons.manager\tDEBUG\tProvider finished startup: LightweightThemeManager\n","level":"INFO"}
{"timestamp":1558103365231,"message":"1558103363806\taddons.manager\tDEBUG\tStarting provider: GMPProvider\n","level":"INFO"}
{"timestamp":1558103365231,"message":"1558103363811\taddons.manager\tDEBUG\tRegistering shutdown blocker for GMPProvider\n","level":"INFO"}
{"timestamp":1558103365231,"message":"1558103363811\taddons.manager\tDEBUG\tProvider finished startup: GMPProvider\n","level":"INFO"}
{"timestamp":1558103365232,"message":"1558103363812\taddons.manager\tDEBUG\tStarting provider: PluginProvider\n","level":"INFO"}
{"timestamp":1558103365232,"message":"1558103363812\taddons.manager\tDEBUG\tRegistering shutdown blocker for PluginProvider\n","level":"INFO"}
{"timestamp":1558103365232,"message":"1558103363812\taddons.manager\tDEBUG\tProvider finished startup: PluginProvider\n","level":"INFO"}
{"timestamp":1558103365232,"message":"1558103363812\taddons.manager\tDEBUG\tCompleted startup sequence\n","level":"INFO"}
{"timestamp":1558103365232,"message":"Trying to re-register CID '{e26dbdcd-d3ba-4ded-88c3-6cb07ee3e9e0}' already registered by file:///tmp/anonymous3003496302396242219webdriver-profile/extensions/fxdriver@googlecode.com/components/prompt-service.js.","level":"WARNING"}
{"timestamp":1558103365232,"message":"Only application manifests may use the 'binary-component' directive.","level":"WARNING"}
{"timestamp":1558103365232,"message":"While creating services from category 'profile-after-change', service for entry 'SpeechDispatcher Speech Synth', contract ID '@mozilla.org/synthspeechdispatcher;1' does not implement nsIObserver.\n","level":"INFO"}
{"timestamp":1558103365233,"message":"Unknown property 'grid-auto-columns'.  Declaration dropped.","level":"WARNING"}
{"timestamp":1558103365233,"message":"Unknown property 'grid-auto-rows'.  Declaration dropped.","level":"WARNING"}
{"timestamp":1558103365233,"message":"Unknown property 'grid-auto-flow'.  Declaration dropped.","level":"WARNING"}
{"timestamp":1558103365233,"message":"Unknown property 'grid-column-gap'.  Declaration dropped.","level":"WARNING"}
{"timestamp":1558103365233,"message":"Unknown property 'grid-row-gap'.  Declaration dropped.","level":"WARNING"}
{"timestamp":1558103365233,"message":"Unknown property 'grid-template-areas'.  Declaration dropped.","level":"WARNING"}
{"timestamp":1558103365233,"message":"Unknown property 'grid-template-columns'.  Declaration dropped.","level":"WARNING"}
{"timestamp":1558103365233,"message":"Unknown property 'grid-template-rows'.  Declaration dropped.","level":"WARNING"}
{"timestamp":1558103365234,"message":"Warning: unrecognized command line flag -foreground\n","level":"INFO"}
{"timestamp":1558103365234,"message":"1558103364272\tDeferredSave.extensions.json\tDEBUG\tWrite succeeded\n","level":"INFO"}
{"timestamp":1558103365234,"message":"1558103364272\taddons.xpi-utils\tDEBUG\tXPI Database saved, setting schema version preference to 17\n","level":"INFO"}
{"timestamp":1558103365234,"message":"1558103364272\tDeferredSave.extensions.json\tDEBUG\tStarting timer\n","level":"INFO"}
{"timestamp":1558103365234,"message":"1558103364293\taddons.repository\tDEBUG\tNo addons.json found.\n","level":"INFO"}
{"timestamp":1558103365234,"message":"1558103364293\tDeferredSave.addons.json\tDEBUG\tSave changes\n","level":"INFO"}
{"timestamp":1558103365234,"message":"1558103364297\tDeferredSave.addons.json\tDEBUG\tStarting timer\n","level":"INFO"}
{"timestamp":1558103365235,"message":"1558103364368\taddons.manager\tDEBUG\tStarting provider: PreviousExperimentProvider\n","level":"INFO"}
{"timestamp":1558103365235,"message":"1558103364368\taddons.manager\tDEBUG\tRegistering shutdown blocker for PreviousExperimentProvider\n","level":"INFO"}
{"timestamp":1558103365235,"message":"1558103364369\taddons.manager\tDEBUG\tProvider finished startup: PreviousExperimentProvider\n","level":"INFO"}
{"timestamp":1558103365235,"message":"1558103364371\tDeferredSave.extensions.json\tDEBUG\tStarting write\n","level":"INFO"}
{"timestamp":1558103365235,"message":"1558103364373\tDeferredSave.addons.json\tDEBUG\tStarting write\n","level":"INFO"}
{"timestamp":1558103365235,"message":"1558103364420\tDeferredSave.extensions.json\tDEBUG\tWrite succeeded\n","level":"INFO"}
{"timestamp":1558103365235,"message":"1558103364425\tDeferredSave.addons.json\tDEBUG\tWrite succeeded\n","level":"INFO"}
{"timestamp":1558103367602,"message":"TelemetryStopwatch: key \"FX_PAGE_LOAD_MS\" was already initialized","level":"INFO"}
{"timestamp":1558103370649,"message":"1558103370649\tBrowser.SelfSupportBackend\tERROR\t_loadSelfSupport - Non HTTPS URL provided: ","level":"INFO"}